<?xml version="1.1" encoding="UTF-8"?>
<testsuite name="com.packt.code.quality.CalculatorTest" tests="3" failures="0" errors="0" timestamp="2014-03-16T18:17:56" hostname="CCUSISLNB62" time="0.014">
  <properties/>
  <testcase name="adds_doubles" classname="com.packt.code.quality.CalculatorTest" time="0.011"/>
  <testcase name="adds_ints" classname="com.packt.code.quality.CalculatorTest" time="0.0"/>
  <testcase name="adds_longs" classname="com.packt.code.quality.CalculatorTest" time="0.0"/>
  <system-out><![CDATA[]]></system-out>
  <system-err><![CDATA[]]></system-err>
</testsuite>
