<?xml version="1.0" encoding="UTF-8" ?>
<testsuite errors="0" failures="0" hostname="CCUSISLNB62" name="com.packt.coverage.MetricsTest" tests="1" time="0.895" timestamp="2014-03-06T16:54:56">
  <properties>
    <property name="java.vendor" value="Oracle Corporation" />
    <property name="coverage.summaryxml.dir" value="reports/cobertura-summary-xml" />
    <property name="sun.java.launcher" value="SUN_STANDARD" />
    <property name="sun.management.compiler" value="HotSpot 64-Bit Tiered Compilers" />
    <property name="os.name" value="Windows 7" />
    <property name="sun.boot.class.path" value="C:\Program Files\Java\jdk1.7.0_25\jre\lib\resources.jar;C:\Program Files\Java\jdk1.7.0_25\jre\lib\rt.jar;C:\Program Files\Java\jdk1.7.0_25\jre\lib\sunrsasign.jar;C:\Program Files\Java\jdk1.7.0_25\jre\lib\jsse.jar;C:\Program Files\Java\jdk1.7.0_25\jre\lib\jce.jar;C:\Program Files\Java\jdk1.7.0_25\jre\lib\charsets.jar;C:\Program Files\Java\jdk1.7.0_25\jre\lib\jfr.jar;C:\Program Files\Java\jdk1.7.0_25\jre\classes" />
    <property name="reports.html.dir" value="reports/junit-html" />
    <property name="sun.desktop" value="windows" />
    <property name="java.vm.specification.vendor" value="Oracle Corporation" />
    <property name="ant.home" value="D:\SoftWare\apache-ant-1.7.1" />
    <property name="java.runtime.version" value="1.7.0_25-b17" />
    <property name="cobertura.dir" value="../lib" />
    <property name="user.name" value="achasu00" />
    <property name="user.language" value="en" />
    <property name="sun.boot.library.path" value="C:\Program Files\Java\jdk1.7.0_25\jre\bin" />
    <property name="reports.dir" value="reports" />
    <property name="ant.project.name" value="cobertura.examples.basic" />
    <property name="ant.file.cobertura.examples.basic" value="D:\Packt\Chapter05\Chapter05\build.xml" />
    <property name="java.version" value="1.7.0_25" />
    <property name="coverage.html.dir" value="reports/cobertura-html" />
    <property name="user.timezone" value="" />
    <property name="sun.arch.data.model" value="64" />
    <property name="java.endorsed.dirs" value="C:\Program Files\Java\jdk1.7.0_25\jre\lib\endorsed" />
    <property name="sun.cpu.isalist" value="amd64" />
    <property name="sun.jnu.encoding" value="Cp1252" />
    <property name="file.encoding.pkg" value="sun.io" />
    <property name="file.separator" value="\" />
    <property name="java.specification.name" value="Java Platform API Specification" />
    <property name="classes.dir" value="classes" />
    <property name="java.class.version" value="51.0" />
    <property name="user.country" value="US" />
    <property name="java.home" value="C:\Program Files\Java\jdk1.7.0_25\jre" />
    <property name="java.vm.info" value="mixed mode" />
    <property name="ant.file" value="D:\Packt\Chapter05\Chapter05\build.xml" />
    <property name="os.version" value="6.1" />
    <property name="path.separator" value=";" />
    <property name="java.vm.version" value="23.25-b01" />
    <property name="user.variant" value="" />
    <property name="ant.library.dir" value="D:\SoftWare\apache-ant-1.7.1\lib" />
    <property name="java.awt.printerjob" value="sun.awt.windows.WPrinterJob" />
    <property name="sun.io.unicode.encoding" value="UnicodeLittle" />
    <property name="awt.toolkit" value="sun.awt.windows.WToolkit" />
    <property name="user.script" value="" />
    <property name="reports.xml.dir" value="reports/junit-xml" />
    <property name="user.home" value="C:\Users\achasu00" />
    <property name="java.specification.vendor" value="Oracle Corporation" />
    <property name="coverage.xml.dir" value="reports/cobertura-xml" />
    <property name="test.dir" value="src/test/java" />
    <property name="java.library.path" value="C:\Program Files\Java\jdk1.7.0_25\jre\bin;C:\Windows\Sun\Java\bin;C:\Windows\system32;C:\Windows;D:\Program Files\IBM\RationalSDLC\common;C:\Program Files\Siemens\GsmActive\DLL;C:\Program Files (x86)\CA\SC\CAWIN\;C:\Windows\system32;C:\Windows;C:\Windows\System32\Wbem;C:\Windows\System32\WindowsPowerShell\v1.0\;C:\Program Files\WIDCOMM\Bluetooth Software\;C:\Program Files\WIDCOMM\Bluetooth Software\syswow64;C:\Program Files (x86)\CA\SC\Csam\SockAdapter\bin;C:\Program Files (x86)\CA\SC\CBB\;C:\Program Files (x86)\CA\DSM\bin;C:\PROGRA~2\CA\SC\CAM\bin;C:\Program Files (x86)\Microsoft SQL Server\100\Tools\Binn\;C:\Program Files\Microsoft SQL Server\100\Tools\Binn\;C:\Program Files\Microsoft SQL Server\100\DTS\Binn\;C:\Program Files (x86)\Microsoft SQL Server\100\Tools\Binn\VSShell\Common7\IDE\;C:\Program Files (x86)\Microsoft SQL Server\100\DTS\Binn\;C:\Program Files (x86)\Microsoft Visual Studio 9.0\Common7\IDE\PrivateAssemblies\;D:\SoftWare\apache-ant-1.7.1\\bin;D:\Program Files\IBM\RationalSDLC\ClearCase\bin;C:\Program Files\Java\jdk1.7.0_25\bin;C:\Program Files\Microsoft\Web Platform Installer\;C:\Program Files (x86)\Microsoft ASP.NET\ASP.NET Web Pages\v1.0\;C:\Program Files (x86)\Windows Kits\8.0\Windows Performance Toolkit\;C:\Program Files\Microsoft SQL Server\110\Tools\Binn\;D:\SoftWare\apache-maven-3.1.1\bin;D:\SoftWare\gradle-1.10\bin;;." />
    <property name="java.vendor.url" value="http://java.oracle.com/" />
    <property name="java.vm.vendor" value="Oracle Corporation" />
    <property name="java.runtime.name" value="Java(TM) SE Runtime Environment" />
    <property name="sun.java.command" value="org.apache.tools.ant.taskdefs.optional.junit.JUnitTestRunner com.packt.coverage.MetricsTest filtertrace=true haltOnError=false haltOnFailure=false showoutput=false outputtoformatters=true logtestlistenerevents=true formatter=org.apache.tools.ant.taskdefs.optional.junit.XMLJUnitResultFormatter,D:\Packt\Chapter05\Chapter05\reports\junit-xml\TEST-com.packt.coverage.MetricsTest.xml crashfile=D:\Packt\Chapter05\Chapter05\junitvmwatcher3727903287838219233.properties propsfile=D:\Packt\Chapter05\Chapter05\junit2039515665767160210.properties" />
    <property name="java.class.path" value="D:\Packt\Chapter05\Chapter05\instrumented;D:\Packt\Chapter05\Chapter05\classes;D:\Packt\Chapter05\lib\asm-4.1.jar;D:\Packt\Chapter05\lib\asm-analysis-4.1.jar;D:\Packt\Chapter05\lib\asm-commons-4.1.jar;D:\Packt\Chapter05\lib\asm-tree-4.1.jar;D:\Packt\Chapter05\lib\asm-util-4.1.jar;D:\Packt\Chapter05\lib\cobertura-2.0.2.jar;D:\Packt\Chapter05\lib\dom4j-1.6.1.jar;D:\Packt\Chapter05\lib\hamcrest-core-1.3.jar;D:\Packt\Chapter05\lib\icu4j-2.6.1.jar;D:\Packt\Chapter05\lib\jaxen-1.1-beta-8.jar;D:\Packt\Chapter05\lib\jdom-1.0.jar;D:\Packt\Chapter05\lib\jetty-6.1.14.jar;D:\Packt\Chapter05\lib\jetty-util-6.1.14.jar;D:\Packt\Chapter05\lib\junit-4.11.jar;D:\Packt\Chapter05\lib\log4j-1.2.9.jar;D:\Packt\Chapter05\lib\oro-2.0.8.jar;D:\Packt\Chapter05\lib\servlet-api-2.5-6.1.14.jar;D:\Packt\Chapter05\lib\tagsoup-0.9.7.jar;D:\Packt\Chapter05\lib\xmlParserAPIs-2.6.2.jar;D:\Packt\Chapter05\lib\xom-1.0b3.jar;D:\SoftWare\apache-ant-1.7.1\lib\ant-launcher.jar;D:\SoftWare\apache-ant-1.7.1\lib\ant.jar;D:\SoftWare\apache-ant-1.7.1\lib\ant-junit.jar" />
    <property name="ant.version" value="Apache Ant version 1.7.1 compiled on June 27 2008" />
    <property name="java.vm.specification.name" value="Java Virtual Machine Specification" />
    <property name="java.vm.specification.version" value="1.7" />
    <property name="sun.cpu.endian" value="little" />
    <property name="sun.os.patch.level" value="Service Pack 1" />
    <property name="java.io.tmpdir" value="C:\Users\achasu00\AppData\Local\Temp\" />
    <property name="java.vendor.url.bug" value="http://bugreport.sun.com/bugreport/" />
    <property name="os.arch" value="amd64" />
    <property name="java.awt.graphicsenv" value="sun.awt.Win32GraphicsEnvironment" />
    <property name="instrumented.dir" value="instrumented" />
    <property name="java.ext.dirs" value="C:\Program Files\Java\jdk1.7.0_25\jre\lib\ext;C:\Windows\Sun\Java\lib\ext" />
    <property name="user.dir" value="D:\Packt\Chapter05\Chapter05" />
    <property name="line.separator" value="
" />
    <property name="java.vm.name" value="Java HotSpot(TM) 64-Bit Server VM" />
    <property name="basedir" value="D:\Packt\Chapter05\Chapter05" />
    <property name="ant.java.version" value="1.6" />
    <property name="ant.core.lib" value="D:\SoftWare\apache-ant-1.7.1\lib\ant.jar" />
    <property name="file.encoding" value="Cp1252" />
    <property name="java.specification.version" value="1.7" />
    <property name="src.dir" value="src/main/java" />
  </properties>
  <testcase classname="com.packt.coverage.MetricsTest" name="when_NULLs_RETURNS_zero" time="0.006" />
  <system-out><![CDATA[uncovered line #3
uncovered line #6
uncovered line #7
uncovered line #8
uncovered line #11
]]></system-out>
  <system-err><![CDATA[]]></system-err>
</testsuite>
